[    0.000000] Initializing cgroup subsys cpuset
[    0.000000] Initializing cgroup subsys cpu
[    0.000000] Initializing cgroup subsys cpuacct
[    0.000000] Linux version 4.4.0-78-generic (buildd@lgw01-11) (gcc version 5.4.0 20160609 (Ubuntu 5.4.0-6ubuntu1~16.04.4) ) #99-Ubuntu SMP Thu Apr 27 15:29:09 UTC 2017 (Ubuntu 4.4.0-78.99-generic 4.4.62)
[    0.000000] Command line: BOOT_IMAGE=/boot/vmlinuz-4.4.0-78-generic root=LABEL=cloudimg-rootfs ro console=tty1 console=ttyS0
[    0.000000] KERNEL supported cpus:
[    0.000000]   Intel GenuineIntel
[    0.000000]   AMD AuthenticAMD
[    0.000000]   Centaur CentaurHauls
[    0.000000] x86/fpu: xstate_offset[2]:  576, xstate_sizes[2]:  256
[    0.000000] x86/fpu: Supporting XSAVE feature 0x01: 'x87 floating point registers'
[    0.000000] x86/fpu: Supporting XSAVE feature 0x02: 'SSE registers'
[    0.000000] x86/fpu: Supporting XSAVE feature 0x04: 'AVX registers'
[    0.000000] x86/fpu: Enabled xstate features 0x7, context size is 832 bytes, using 'standard' format.
[    0.000000] x86/fpu: Using 'lazy' FPU context switches.
[    0.000000] e820: BIOS-provided physical RAM map:
[    0.000000] BIOS-e820: [mem 0x0000000000000000-0x000000000009fbff] usable
[    0.000000] BIOS-e820: [mem 0x000000000009fc00-0x000000000009ffff] reserved
[    0.000000] BIOS-e820: [mem 0x00000000000f0000-0x00000000000fffff] reserved
[    0.000000] BIOS-e820: [mem 0x0000000000100000-0x000000003ffeffff] usable
[    0.000000] BIOS-e820: [mem 0x000000003fff0000-0x000000003fffffff] ACPI data
[    0.000000] BIOS-e820: [mem 0x00000000fec00000-0x00000000fec00fff] reserved
[    0.000000] BIOS-e820: [mem 0x00000000fee00000-0x00000000fee00fff] reserved
[    0.000000] BIOS-e820: [mem 0x00000000fffc0000-0x00000000ffffffff] reserved
[    0.000000] NX (Execute Disable) protection: active
[    0.000000] SMBIOS 2.5 present.
[    0.000000] Hypervisor detected: KVM
[    0.000000] e820: last_pfn = 0x3fff0 max_arch_pfn = 0x400000000
[    0.000000] MTRR: Disabled
[    0.000000] x86/PAT: MTRRs disabled, skipping PAT initialization too.
[    0.000000] x86/PAT: Configuration [0-7]: WB  WT  UC- UC  WB  WT  UC- UC  
[    0.000000] CPU MTRRs all blank - virtualized system.
[    0.000000] found SMP MP-table at [mem 0x0009fff0-0x0009ffff] mapped at [ffff88000009fff0]
[    0.000000] Scanning 1 areas for low memory corruption
[    0.000000] RAMDISK: [mem 0x36ac4000-0x37559fff]
[    0.000000] ACPI: Early table checksum verification disabled
[    0.000000] ACPI: RSDP 0x00000000000E0000 000024 (v02 VBOX  )
[    0.000000] ACPI: XSDT 0x000000003FFF0030 00003C (v01 VBOX   VBOXXSDT 00000001 ASL  00000061)
[    0.000000] ACPI: FACP 0x000000003FFF00F0 0000F4 (v04 VBOX   VBOXFACP 00000001 ASL  00000061)
[    0.000000] ACPI: DSDT 0x000000003FFF0470 0021C8 (v02 VBOX   VBOXBIOS 00000002 INTL 20160831)
[    0.000000] ACPI: FACS 0x000000003FFF0200 000040
[    0.000000] ACPI: FACS 0x000000003FFF0200 000040
[    0.000000] ACPI: APIC 0x000000003FFF0240 00005C (v02 VBOX   VBOXAPIC 00000001 ASL  00000061)
[    0.000000] ACPI: SSDT 0x000000003FFF02A0 0001CC (v01 VBOX   VBOXCPUT 00000002 INTL 20160831)
[    0.000000] No NUMA configuration found
[    0.000000] Faking a node at [mem 0x0000000000000000-0x000000003ffeffff]
[    0.000000] NODE_DATA(0) allocated [mem 0x3ffeb000-0x3ffeffff]
[    0.000000] kvm-clock: Using msrs 4b564d01 and 4b564d00
[    0.000000] kvm-clock: cpu 0, msr 0:3ffe3001, primary cpu clock
[    0.000000] kvm-clock: using sched offset of 3383978039 cycles
[    0.000000] clocksource: kvm-clock: mask: 0xffffffffffffffff max_cycles: 0x1cd42e4dffb, max_idle_ns: 881590591483 ns
[    0.000000] Zone ranges:
[    0.000000]   DMA      [mem 0x0000000000001000-0x0000000000ffffff]
[    0.000000]   DMA32    [mem 0x0000000001000000-0x000000003ffeffff]
[    0.000000]   Normal   empty
[    0.000000]   Device   empty
[    0.000000] Movable zone start for each node
[    0.000000] Early memory node ranges
[    0.000000]   node   0: [mem 0x0000000000001000-0x000000000009efff]
[    0.000000]   node   0: [mem 0x0000000000100000-0x000000003ffeffff]
[    0.000000] Initmem setup node 0 [mem 0x0000000000001000-0x000000003ffeffff]
[    0.000000] ACPI: PM-Timer IO Port: 0x4008
[    0.000000] IOAPIC[0]: apic_id 2, version 32, address 0xfec00000, GSI 0-23
[    0.000000] ACPI: INT_SRC_OVR (bus 0 bus_irq 0 global_irq 2 dfl dfl)
[    0.000000] ACPI: INT_SRC_OVR (bus 0 bus_irq 9 global_irq 9 high level)
[    0.000000] Using ACPI (MADT) for SMP configuration information
[    0.000000] smpboot: Allowing 2 CPUs, 0 hotplug CPUs
[    0.000000] PM: Registered nosave memory: [mem 0x00000000-0x00000fff]
[    0.000000] PM: Registered nosave memory: [mem 0x0009f000-0x0009ffff]
[    0.000000] PM: Registered nosave memory: [mem 0x000a0000-0x000effff]
[    0.000000] PM: Registered nosave memory: [mem 0x000f0000-0x000fffff]
[    0.000000] e820: [mem 0x40000000-0xfebfffff] available for PCI devices
[    0.000000] Booting paravirtualized kernel on KVM
[    0.000000] clocksource: refined-jiffies: mask: 0xffffffff max_cycles: 0xffffffff, max_idle_ns: 7645519600211568 ns
[    0.000000] setup_percpu: NR_CPUS:512 nr_cpumask_bits:512 nr_cpu_ids:2 nr_node_ids:1
[    0.000000] PERCPU: Embedded 33 pages/cpu @ffff88003fc00000 s98264 r8192 d28712 u1048576
[    0.000000] PV qspinlock hash table entries: 256 (order: 0, 4096 bytes)
[    0.000000] Built 1 zonelists in Node order, mobility grouping on.  Total pages: 257913
[    0.000000] Policy zone: DMA32
[    0.000000] Kernel command line: BOOT_IMAGE=/boot/vmlinuz-4.4.0-78-generic root=LABEL=cloudimg-rootfs ro console=tty1 console=ttyS0
[    0.000000] PID hash table entries: 4096 (order: 3, 32768 bytes)
[    0.000000] Memory: 1001740K/1048120K available (8469K kernel code, 1294K rwdata, 3984K rodata, 1484K init, 1316K bss, 46380K reserved, 0K cma-reserved)
[    0.000000] SLUB: HWalign=64, Order=0-3, MinObjects=0, CPUs=2, Nodes=1
[    0.000000] Hierarchical RCU implementation.
[    0.000000] 	Build-time adjustment of leaf fanout to 64.
[    0.000000] 	RCU restricting CPUs from NR_CPUS=512 to nr_cpu_ids=2.
[    0.000000] RCU: Adjusting geometry for rcu_fanout_leaf=64, nr_cpu_ids=2
[    0.000000] NR_IRQS:33024 nr_irqs:440 16
[    0.000000] Console: colour VGA+ 80x25
[    0.000000] console [tty1] enabled
[    0.000000] console [ttyS0] enabled
[    0.000000] tsc: Detected 2194.918 MHz processor
[    1.052228] Calibrating delay loop (skipped) preset value.. 4389.83 BogoMIPS (lpj=8779672)
[    1.053825] pid_max: default: 32768 minimum: 301
[    1.054633] ACPI: Core revision 20150930
[    1.056288] ACPI: 2 ACPI AML tables successfully acquired and loaded
[    1.059782] Security Framework initialized
[    1.157895] Yama: becoming mindful.
[    1.171956] AppArmor: AppArmor initialized
[    1.172692] Dentry cache hash table entries: 131072 (order: 8, 1048576 bytes)
[    1.173822] Inode-cache hash table entries: 65536 (order: 7, 524288 bytes)
[    1.175270] Mount-cache hash table entries: 2048 (order: 2, 16384 bytes)
[    1.187344] Mountpoint-cache hash table entries: 2048 (order: 2, 16384 bytes)
[    1.188632] Initializing cgroup subsys io
[    1.253176] Initializing cgroup subsys memory
[    1.359337] Initializing cgroup subsys devices
[    1.437486] Initializing cgroup subsys freezer
[    1.514898] Initializing cgroup subsys net_cls
[    1.531160] Initializing cgroup subsys perf_event
[    1.531877] Initializing cgroup subsys net_prio
[    1.541411] Initializing cgroup subsys hugetlb
[    1.551794] Initializing cgroup subsys pids
[    1.552558] CPU: Physical Processor ID: 0
[    1.553231] CPU: Processor Core ID: 0
[    1.554692] mce: CPU supports 0 MCE banks
[    1.555389] Last level iTLB entries: 4KB 1024, 2MB 1024, 4MB 1024
[    1.558379] Last level dTLB entries: 4KB 1024, 2MB 1024, 4MB 1024, 1GB 4
[    1.561015] Freeing SMP alternatives memory: 32K (ffffffff820b8000 - ffffffff820c0000)
[    1.578081] ftrace: allocating 32120 entries in 126 pages
[    1.660082] smpboot: APIC(0) Converting physical 0 to logical package 0
[    1.798518] smpboot: Max logical packages: 1
[    1.873654] x2apic enabled
[    1.913672] Switched APIC routing to physical x2apic.
[    2.032845] ..TIMER: vector=0x30 apic1=0 pin1=2 apic2=-1 pin2=-1
[    2.173463] smpboot: CPU0: Intel(R) Core(TM) i7-4702HQ CPU @ 2.20GHz (family: 0x6, model: 0x3c, stepping: 0x3)
[    2.190215] Performance Events: unsupported p6 CPU model 60 no PMU driver, software events only.
[    2.191888] KVM setup paravirtual spinlock
[    2.214097] x86: Booting SMP configuration:
[    2.217581] .... node  #0, CPUs:      #1
[    2.218389] kvm-clock: cpu 1, msr 0:3ffe3041, secondary cpu clock
[    2.309361] mce: CPU supports 0 MCE banks
[    2.311824] x86: Booted up 1 node, 2 CPUs
[    2.325928] smpboot: Total of 2 processors activated (8779.67 BogoMIPS)
[    2.327279] devtmpfs: initialized
[    2.409596] evm: security.selinux
[    2.476852] evm: security.SMACK64
[    2.533636] evm: security.SMACK64EXEC
[    2.534242] evm: security.SMACK64TRANSMUTE
[    2.534914] evm: security.SMACK64MMAP
[    2.535516] evm: security.ima
[    2.537143] evm: security.capability
[    2.537956] clocksource: jiffies: mask: 0xffffffff max_cycles: 0xffffffff, max_idle_ns: 7645041785100000 ns
[    2.539395] futex hash table entries: 512 (order: 3, 32768 bytes)
[    2.540371] pinctrl core: initialized pinctrl subsystem
[    2.541259] RTC time:  9:23:35, date: 07/25/17
[    2.542532] NET: Registered protocol family 16
[    2.554480] cpuidle: using governor ladder
[    2.665302] cpuidle: using governor menu
[    2.728076] PCCT header not found.
[    2.780469] ACPI: bus type PCI registered
[    2.866719] acpiphp: ACPI Hot Plug PCI Controller Driver version: 0.5
[    3.002702] PCI: Using configuration type 1 for base access
[    3.026047] ACPI: Added _OSI(Module Device)
[    3.085321] ACPI: Added _OSI(Processor Device)
[    3.087111] ACPI: Added _OSI(3.0 _SCP Extensions)
[    3.121444] ACPI: Added _OSI(Processor Aggregator Device)
[    3.122890] ACPI: Executed 1 blocks of module-level executable AML code
[    3.132314] ACPI: Interpreter enabled
[    3.134095] ACPI: (supports S0 S5)
[    3.134742] ACPI: Using IOAPIC for interrupt routing
[    3.135885] PCI: Using host bridge windows from ACPI; if necessary, use "pci=nocrs" and report a bug
[    3.147076] ACPI: PCI Root Bridge [PCI0] (domain 0000 [bus 00-ff])
[    3.164747] acpi PNP0A03:00: _OSC: OS supports [ASPM ClockPM Segments MSI]
[    3.165701] acpi PNP0A03:00: _OSC failed (AE_NOT_FOUND); disabling ASPM
[    3.166612] acpi PNP0A03:00: fail to add MMCONFIG information, can't access extended PCI configuration space under this bridge.
[    3.168473] PCI host bridge to bus 0000:00
[    3.169132] pci_bus 0000:00: root bus resource [io  0x0000-0x0cf7 window]
[    3.170047] pci_bus 0000:00: root bus resource [io  0x0d00-0xffff window]
[    3.170973] pci_bus 0000:00: root bus resource [mem 0x000a0000-0x000bffff window]
[    3.172183] pci_bus 0000:00: root bus resource [mem 0x40000000-0xffdfffff window]
[    3.173378] pci_bus 0000:00: root bus resource [bus 00-ff]
[    3.175611] pci 0000:00:01.1: legacy IDE quirk: reg 0x10: [io  0x01f0-0x01f7]
[    3.193526] pci 0000:00:01.1: legacy IDE quirk: reg 0x14: [io  0x03f6]
[    3.278152] pci 0000:00:01.1: legacy IDE quirk: reg 0x18: [io  0x0170-0x0177]
[    3.364743] pci 0000:00:01.1: legacy IDE quirk: reg 0x1c: [io  0x0376]
[    3.380983] pci 0000:00:07.0: quirk: [io  0x4000-0x403f] claimed by PIIX4 ACPI
[    3.405737] pci 0000:00:07.0: quirk: [io  0x4100-0x410f] claimed by PIIX4 SMB
[    3.430411] ACPI: PCI Interrupt Link [LNKA] (IRQs 5 9 10 *11)
[    3.498247] ACPI: PCI Interrupt Link [LNKB] (IRQs 5 9 10 *11)
[    3.609636] ACPI: PCI Interrupt Link [LNKC] (IRQs 5 9 *10 11)
[    3.624561] ACPI: PCI Interrupt Link [LNKD] (IRQs 5 *9 10 11)
[    3.707370] ACPI: Enabled 2 GPEs in block 00 to 07
[    3.728892] vgaarb: setting as boot device: PCI:0000:00:02.0
[    3.744709] vgaarb: device added: PCI:0000:00:02.0,decodes=io+mem,owns=io+mem,locks=none
[    3.748155] vgaarb: loaded
[    3.753852] vgaarb: bridge control possible 0000:00:02.0
[    3.789024] SCSI subsystem initialized
[    3.826733] ACPI: bus type USB registered
[    3.837017] usbcore: registered new interface driver usbfs
[    3.837812] usbcore: registered new interface driver hub
[    3.838825] usbcore: registered new device driver usb
[    3.961555] PCI: Using ACPI for IRQ routing
[    4.067288] NetLabel: Initializing
[    4.081330] NetLabel:  domain hash size = 128
[    4.082002] NetLabel:  protocols = UNLABELED CIPSOv4
[    4.082763] NetLabel:  unlabeled traffic allowed by default
[    4.083764] amd_nb: Cannot enumerate AMD northbridges
[    4.084544] clocksource: Switched to clocksource kvm-clock
[    4.091941] AppArmor: AppArmor Filesystem Enabled
[    4.177223] pnp: PnP ACPI init
[    4.180256] pnp: PnP ACPI: found 3 devices
[    4.196103] clocksource: acpi_pm: mask: 0xffffff max_cycles: 0xffffff, max_idle_ns: 2085701024 ns
[    4.407319] NET: Registered protocol family 2
[    4.482023] TCP established hash table entries: 8192 (order: 4, 65536 bytes)
[    4.656253] TCP bind hash table entries: 8192 (order: 5, 131072 bytes)
[    4.681967] TCP: Hash tables configured (established 8192 bind 8192)
[    4.682896] UDP hash table entries: 512 (order: 2, 16384 bytes)
[    4.683725] UDP-Lite hash table entries: 512 (order: 2, 16384 bytes)
[    4.684657] NET: Registered protocol family 1
[    4.685343] pci 0000:00:00.0: Limiting direct PCI/PCI transfers
[    4.686183] pci 0000:00:01.0: Activating ISA DMA hang workarounds
[    4.687562] Unpacking initramfs...
[    6.346330] Freeing initrd memory: 10840K (ffff880036ac4000 - ffff88003755a000)
[    6.429044] RAPL PMU detected, API unit is 2^-32 Joules, 4 fixed counters 10737418240 ms ovfl timer
[    6.433475] hw unit of domain pp0-core 2^-0 Joules
[    6.434319] hw unit of domain package 2^-0 Joules
[    6.435176] hw unit of domain dram 2^-0 Joules
[    6.435972] hw unit of domain pp1-gpu 2^-0 Joules
[    6.436857] platform rtc_cmos: registered platform RTC device (no PNP device found)
[    6.458982] Scanning for low memory corruption every 60 seconds
[    6.463114] audit: initializing netlink subsys (disabled)
[    6.469325] audit: type=2000 audit(1500974620.898:1): initialized
[    6.474479] Initialise system trusted keyring
[    6.477532] HugeTLB registered 2 MB page size, pre-allocated 0 pages
[    6.507729] zbud: loaded
[    6.521315] VFS: Disk quotas dquot_6.6.0
[    6.537132] VFS: Dquot-cache hash table entries: 512 (order 0, 4096 bytes)
[    6.540702] squashfs: version 4.0 (2009/01/31) Phillip Lougher
[    6.553479] fuse init (API version 7.23)
[    6.561486] Key type big_key registered
[    6.565322] Allocating IMA MOK and blacklist keyrings.
[    6.567378] Key type asymmetric registered
[    6.573416] Asymmetric key parser 'x509' registered
[    6.574323] Block layer SCSI generic (bsg) driver version 0.4 loaded (major 249)
[    6.588374] io scheduler noop registered
[    6.684600] io scheduler deadline registered (default)
[    6.829098] io scheduler cfq registered
[    6.930501] pci_hotplug: PCI Hot Plug PCI Core version: 0.5
[    7.019467] pciehp: PCI Express Hot Plug Controller Driver version: 0.4
[    7.145287] ACPI: AC Adapter [AC] (on-line)
[    7.216459] input: Power Button as /devices/LNXSYSTM:00/LNXPWRBN:00/input/input0
[    7.346541] ACPI: Power Button [PWRF]
[    7.358933] input: Sleep Button as /devices/LNXSYSTM:00/LNXSLPBN:00/input/input1
[    7.360111] ACPI: Sleep Button [SLPF]
[    7.361182] GHES: HEST is not enabled!
[    7.361878] ACPI: Battery Slot [BAT0] (battery present)
[    7.403974] Serial: 8250/16550 driver, 32 ports, IRQ sharing enabled
[    7.537200] tsc: Refined TSC clocksource calibration: 2195.854 MHz
[    7.566756] clocksource: tsc: mask: 0xffffffffffffffff max_cycles: 0x1fa6e6514fc, max_idle_ns: 440795279213 ns
[    7.591208] 00:02: ttyS0 at I/O 0x3f8 (irq = 4, base_baud = 115200) is a 16550A
[    7.820470] Linux agpgart interface v0.103
[    7.860295] loop: module loaded
[    7.939500] scsi host0: ata_piix
[    8.025995] scsi host1: ata_piix
[    8.076387] ata1: PATA max UDMA/33 cmd 0x1f0 ctl 0x3f6 bmdma 0xd000 irq 14
[    8.077368] ata2: PATA max UDMA/33 cmd 0x170 ctl 0x376 bmdma 0xd008 irq 15
[    8.078450] libphy: Fixed MDIO Bus: probed
[    8.079161] tun: Universal TUN/TAP device driver, 1.6
[    8.080043] tun: (C) 1999-2004 Max Krasnyansky <maxk@qualcomm.com>
[    8.082066] PPP generic driver version 2.4.2
[    8.082853] ehci_hcd: USB 2.0 'Enhanced' Host Controller (EHCI) Driver
[    8.083758] ehci-pci: EHCI PCI platform driver
[    8.084463] ehci-platform: EHCI generic platform driver
[    8.085264] ohci_hcd: USB 1.1 'Open' Host Controller (OHCI) Driver
[    8.086128] ohci-pci: OHCI PCI platform driver
[    8.122364] ohci-platform: OHCI generic platform driver
[    8.123169] uhci_hcd: USB Universal Host Controller Interface driver
[    8.124121] i8042: PNP: PS/2 Controller [PNP0303:PS2K,PNP0f03:PS2M] at 0x60,0x64 irq 1,12
[    8.125799] serio: i8042 KBD port at 0x60,0x64 irq 1
[    8.126536] serio: i8042 AUX port at 0x60,0x64 irq 12
[    8.137977] mousedev: PS/2 mouse device common for all mice
[    8.139051] input: AT Translated Set 2 keyboard as /devices/platform/i8042/serio0/input/input2
[    8.144355] rtc_cmos rtc_cmos: rtc core: registered rtc_cmos as rtc0
[    8.260557] rtc_cmos rtc_cmos: alarms up to one day, 114 bytes nvram
[    8.318032] i2c /dev entries driver
[    8.388283] device-mapper: uevent: version 1.0.3
[    8.395405] device-mapper: ioctl: 4.34.0-ioctl (2015-10-28) initialised: dm-devel@redhat.com
[    8.396720] ledtrig-cpu: registered to indicate activity on CPUs
[    8.398002] NET: Registered protocol family 10
[    8.400234] NET: Registered protocol family 17
[    8.422750] Key type dns_resolver registered
[    8.424023] microcode: CPU0 sig=0x306c3, pf=0x40, revision=0x0
[    8.425301] microcode: CPU1 sig=0x306c3, pf=0x40, revision=0x0
[    8.426313] microcode: Microcode Update Driver: v2.01 <tigran@aivazian.fsnet.co.uk>, Peter Oruba
[    8.516965] registered taskstats version 1
[    8.588770] Loading compiled-in X.509 certificates
[    8.611854] Loaded X.509 cert 'Build time autogenerated kernel key: 779fd75203f0d36b99b83c7328fac831ec7adf9e'
[    8.705402] zswap: loaded using pool lzo/zbud
[    8.778279] Key type trusted registered
[    8.862569] Key type encrypted registered
[    8.936841] AppArmor: AppArmor sha1 policy hashing enabled
[    9.079943] ima: No TPM chip found, activating TPM-bypass!
[    9.149083] evm: HMAC attrs: 0x1
[    9.149954]   Magic number: 9:660:374
[    9.220995] acpi LNXVIDEO:00: hash matches
[    9.222893] rtc_cmos rtc_cmos: setting system clock to 2017-07-25 09:23:42 UTC (1500974622)
[    9.224393] BIOS EDD facility v0.16 2004-Jun-25, 0 devices found
[    9.225313] EDD information not available.
[    9.227207] Freeing unused kernel memory: 1484K (ffffffff81f45000 - ffffffff820b8000)
[    9.228972] Write protecting the kernel read-only data: 14336k
[    9.257526] Freeing unused kernel memory: 1760K (ffff880001848000 - ffff880001a00000)
[    9.472576] Freeing unused kernel memory: 112K (ffff880001de4000 - ffff880001e00000)
Loading, please wait...
[    9.534369] random: systemd-udevd: uninitialized urandom read (16 bytes read, 3 bits of entropy available)
starting version[    9.535421] random: udevadm: uninitialized urandom read (16 bytes read, 3 bits of entropy available)
 229
[    9.535653] random: udevadm: uninitialized urandom read (16 bytes read, 3 bits of entropy available)
[    9.535792] random: udevadm: uninitialized urandom read (16 bytes read, 3 bits of entropy available)
[    9.535837] random: udevadm: uninitialized urandom read (16 bytes read, 3 bits of entropy available)
[    9.535875] random: udevadm: uninitialized urandom read (16 bytes read, 3 bits of entropy available)
[    9.535913] random: udevadm: uninitialized urandom read (16 bytes read, 3 bits of entropy available)
[    9.535952] random: udevadm: uninitialized urandom read (16 bytes read, 3 bits of entropy available)
[    9.535988] random: udevadm: uninitialized urandom read (16 bytes read, 3 bits of entropy available)
[    9.536023] random: udevadm: uninitialized urandom read (16 bytes read, 3 bits of entropy available)
[   10.087741] e1000: Intel(R) PRO/1000 Network Driver - version 7.3.21-k8-NAPI
[   10.298981] e1000: Copyright (c) 1999-2006 Intel Corporation.
[   10.335382] Fusion MPT base driver 3.04.20
[   10.409616] Copyright (c) 1999-2008 LSI Corporation
[   10.464835] Fusion MPT SPI Host driver 3.04.20
[   10.600670] AVX version of gcm_enc/dec engaged.
[   10.710980] AES CTR mode by8 optimization enabled
[   10.914930] e1000 0000:00:03.0 eth0: (PCI:33MHz:32-bit) 02:fb:34:e1:96:ef
[   11.069259] e1000 0000:00:03.0 eth0: Intel(R) PRO/1000 Network Connection
[   11.100448] mptbase: ioc0: Initiating bringup
[   11.101045] e1000 0000:00:03.0 enp0s3: renamed from eth0
[   11.283885] input: ImExPS/2 Generic Explorer Mouse as /devices/platform/i8042/serio1/input/input4
[   11.713027] ioc0: LSI53C1030 A0: Capabilities={Initiator}
[   11.878000] scsi host2: ioc0: LSI53C1030 A0, FwRev=00000000h, Ports=1, MaxQ=256, IRQ=20
[   12.034215] scsi 2:0:0:0: Direct-Access     VBOX     HARDDISK         1.0  PQ: 0 ANSI: 5
[   12.208064] scsi target2:0:0: Beginning Domain Validation
[   12.230288] scsi target2:0:0: Domain Validation skipping write tests
[   12.237919] scsi target2:0:0: Ending Domain Validation
[   12.259265] scsi target2:0:0: asynchronous
[   12.262398] scsi 2:0:1:0: Direct-Access     VBOX     HARDDISK         1.0  PQ: 0 ANSI: 5
[   12.269851] scsi target2:0:1: Beginning Domain Validation
[   12.271935] scsi target2:0:1: Domain Validation skipping write tests
[   12.274115] scsi target2:0:1: Ending Domain Validation
[   12.349016] scsi target2:0:1: asynchronous
[   12.453199] sd 2:0:0:0: [sda] 20971520 512-byte logical blocks: (10.7 GB/10.0 GiB)
[   12.714651] sd 2:0:0:0: Attached scsi generic sg0 type 0
[   12.739406] sd 2:0:0:0: [sda] Write Protect is off
[   12.742532] sd 2:0:0:0: [sda] Incomplete mode parameter data
[   12.745267] sd 2:0:1:0: Attached scsi generic sg1 type 0
[   12.746181] sd 2:0:1:0: [sdb] 20480 512-byte logical blocks: (10.5 MB/10.0 MiB)
[   12.746298] sd 2:0:1:0: [sdb] Write Protect is off
[   12.746368] sd 2:0:1:0: [sdb] Incomplete mode parameter data
[   12.746369] sd 2:0:1:0: [sdb] Assuming drive cache: write through
[   12.789563] sd 2:0:1:0: [sdb] Attached SCSI disk
[   13.580927] floppy0: no floppy controllers found
[   13.580963] work still pending
[   13.781526] sd 2:0:0:0: [sda] Assuming drive cache: write through
[   13.824861]  sda: sda1
[   13.840673] sd 2:0:0:0: [sda] Attached SCSI disk
Begin: Loading e[   15.253435] md: linear personality registered for level -1
ssential drivers ... [   15.361543] md: multipath personality registered for level -4
[   15.421585] md: raid0 personality registered for level 0
[   15.484843] md: raid1 personality registered for level 1
[   15.620590] raid6: sse2x1   gen()  8572 MB/s
[   15.740591] raid6: sse2x1   xor()  6210 MB/s
[   15.848615] raid6: sse2x2   gen() 10421 MB/s
[   15.940554] raid6: sse2x2   xor()  7432 MB/s
[   16.020596] raid6: sse2x4   gen() 13508 MB/s
[   16.104603] raid6: sse2x4   xor()  8300 MB/s
[   16.161637] raid6: using algorithm sse2x4 gen() 13508 MB/s
[   16.162428] raid6: .... xor() 8300 MB/s, rmw enabled
[   16.163204] raid6: using ssse3x2 recovery algorithm
[   16.165540] xor: automatically using best checksumming function:
[   16.564581]    avx       : 47937.000 MB/sec
[   16.890207] async_tx: api initialized (async)
[   16.955410] md: raid6 personality registered for level 6
[   16.980360] md: raid5 personality registered for level 5
[   16.981193] md: raid4 personality registered for level 4
[   17.007776] md: raid10 personality registered for level 10
done.
Begin: Running /scripts/init-premount ... done.
Begin: Mounting root file system ... Begin: Running /scripts/local-top ... done.
Begin: Running /scripts/local-premount ... [   17.405117] Btrfs loaded
Scanning for Btrfs filesystems
done.
Warning: fsck not present, so skipping root file system
[   17.595810] EXT4-fs (sda1): mounted filesystem with ordered data mode. Opts: (null)
done.
Begin: Running /scripts/local-bottom ... done.
Begin: Running /scripts/init-bottom ... done.
[   18.465644] random: nonblocking pool is iiitialized
[   18.782964] systemd[1]: systemd 229 running in system mode. (+PAM +AUDIT +SELINUX +IMA +APPARMOR +SMACK +SYSVINIT +UTMP +LIBCRYPTSETUP +GCRYPT +GNUTLS +ACL +XZ -LZ4 +SECCOMP +BLKID +ELFUTILS +KMOD -IDN)
[   18.910885] systemd[1]: Detected virtualization oracle.
[   19.128964] systemd[1]: Detected architecture x86-64.

Welcome to [1mUbuntu 16.04.2 LTS[0m!

[   19.177382] systemd[1]: Stt hostname t  <ubuntu>.
[   19.559131] systemd[1]: Initializing machine ID from random generator.
[   19.738955] systemd[1]: Installed transient//etc/machine-id file.
[   21.378136] systemd[1]: Listening on udev Kernel Socket.
[[0;32m  OK  [0m] Listening on udev Kernel Socket.
[   21.514621] systemd[1]: Reached target Encrypted Volumes.
[[0;32m  OK  [0m] Reached target Encrypted Volumes.
[   21.518278] systemd[1]: Created slice User and Session Slice.
[[0;32m  OK  [0m] Created slice User and Session Slice.
[   21.520680] systemd[1]: Set up automount Arbitrary Executable FileFFormats File System Automount Point.
[[0;32m  OK  [0m] Set up automount Arbitrary Executab...ats File System Automount Point.
[   21.980948] systemd[1]: Reached target Swap.
[[0;32m  OK  [0m] Reached target Swap.
[   21.991250] systemd[1]: Listening on Journal Socket (/dev/log).
[[0;32m  OK  [0m] Listening on Journal Socket (/dev/log).
[   21.995948] systemd[1]: Listening on udev Control Socket.
[[0;32m  OK  [0m] Listening on udev Control Socket.
[   21.998831] systemd[1]: Listening on LVM2 metadata daemon socket.
[[0;32m  OK  [0m] Listening on LVM2 metadata daemon socket.
[   22.003556] systemd[1]: Listening on /dev/initctl Compatibility Named Pipe.
[[0;32m  OK  [0m] Listening on /dev/initctl Compatibility Named Pipe.
[   22.009898] systemd[1]: Listening on Journal Audit Socket.
[[0;32m  OK  [0m] Listening on Journal Audit Socket.
[   22.018260] systemd[1]: Listening on Journal Socket.
[[0;32m  OK  [0m] Listening on Journal Socket.
[   22.025842] systemd[1]: Listening on Device-mapper event daemon FIFOs.
[[0;32m  OK  [0m] Listening on Device-mapper event daemon FIFOs.
[   22.031743] systemd[1]: Started Forward Password Requests to Wall Directory Watch.
[[0;32m  OK  [0m] Started Forward Password Requests to Wall Directory Watch.
[   22.034046] systemd[1]: Started Trigger resolvconf update for networkd DNS.
[[0;32m  OK  [0m] Started Trigger resolvconf update for networkd DNS.
[   22.037167] systemd[1]: Listening on LVM2 poll daemon socket.
[[0;32m  OK  [0m] Listening on LVM2 poll daemon socket.
[   22.038884] systemd[1]: Reached target User and Group Name Lookups.
[[0;32m  OK  [0m] Reached target User and Group Name Lookups.
[   22.045038] systemd[1]: Listening on Syslog Socket.
[[0;32m  OK  [0m] Listening on Syslog Socket.
[   22.047064] systemd[1]: Created slice System Slice.
[[0;32m  OK  [0m] Created slice System Slice.
[   22.064162] systemd[1]: StartiggNNameserver information manager...
         Starting Nameserver information manager...
[   22.440937] syttemd[1]  Reached target Slices.
[[0;32m  OK  [0m] Reached target Slices.
[   22.680764] systemd[1]: Starting Uncomplicated firewall...
         Starting Uncomplicated firewall...
[   22.720454] systemd[1]: Starting Set console keymap...
         Starting Set console keymap...
[   22.756838] systemd[1]: Starting Journal Service...
         Starting Journal Service...
[   22.803502] systemd[1]: Mounting Debug File System...
         Mounting Debug File System...
[   23.000516] systemd[1]: Mounting Huge Pages File System...
         Mounting Huge Pages File System...
[   23.002472] systemd[1]: Mounting POSIX Message Queue File System...
         Mounting POSIX Message Queue File System...
[   23.005929] systemd[1]: Starting Monitoring of LVM2 mirrors, snapshots etc. using dmeventd or progress polling...
         Starting Monitoring of LVM2 mirrors... dmeventd or progress polling...
[   23.168810] systemd[1]: Starting Remount Root and Kernel File Systems...
         Starting Remount[   23.285130] EXT4-fs (sda1): re-mounted. Opts: (null)
 Root and Kernel File Systems...
[   23.420882] systemd[1]: Starting Load Kernel Modules...
         Starting Load Kernel Modules...
[   23.552138] systemd[1]: Created slice system-serial\x2dgetty.slice.
[[0;32m  OK  [0m] Created slice system-serial\x2dgetty.slice.
[   23.586654] systemd[1]: Starting Create list of required static device nodes for the current kernel...
[   23.588266] Loading iSCSI transport class v2.0-870.
         Starting Create list of required st... nodes for the current kernel...
[   23.671868] systemd[1]: Mounted POSIX Message Queue File System.
[[0;32m  OK  [0m] Mounted POSIX Message Queue File System.
[   23.684251] systemd[1]: Mounted Debug File System.
[[0;32m  OK  [0[   23.737923] iscsi: registered transport (tcp)
m] Mounted Debug File System.
[   24.029038] systemd[1]: Mounted Huge Pages File System.
[[0;32m  OK  [0m] Mounted Huge Pages File System.
[   24.061206] systemd[1]: Started Journal Service.
[[0;32m  OK  [0m] Started Journal Service.
[[0;32m  OK  [0m] Started Uncomplicated firewall.
[[0;32m  OK  [0[   24.167021] iscsi: registered transport (iser)
m] Started Set console keymap.
[[0;32m  OK  [0m] Started Remount Root and Kernel File Systems.
[[0;32m  OK  [0m] Started Load Kernel Modules.
[[0;32m  OK  [0m] Started Create list of required sta...ce nodes for the current kernel.
[[0;32m  OK  [0m] Started Nameserver information manager.
[[0;32m  OK  [0m] Started LVM2 metadata daemon.
         Starting Create Static Device Nodes in /dev...
         Mounting FUSE Control File System...
         Starting Apply Kernel Variables...
         Starting udev Coldplug all Devices...
         Starting Load/Save Random Seed...
         Starting Initial cloud-init job (pre-networking)...
         Starting Flush Journal to Persistent Storage...
[[0;32m  OK  [0m] Mounted FUSE Control File System.
[[0;32m  OK  [0m] Started udev Coldplug all Devices.
[[0;32m  OK  [0m] Started Load/Save Random Seed.
[   24.816789] systemd-journald[381]: Received request to flush runtmme journal from PID 1
[[0;32m  OK  [0m] Started Monitoring of LVM2 mirrors,...ng dmeventd or progress polling.
[[0;32m  OK  [0m] Started Apply Kernel Variables.
[[0;32m  OK  [0m] Started Flush Journal to Persistent Storage.
[[0;32m  OK  [0m] Started Create Static Device Nodes in /dev.
         Starting udev Kernel Device Manager...
[[0;32m  OK  [0m] Started udev Kernel Device Manager.
[[0;32m  OK  [0m] Reached target Local File Systems (Pre).
[[0;32m  OK  [0m] Reached target Local File Systems.
         Starting Commit a transient machine-id on disk...
         Starting Tell Plymouth To Write Out Runtime Data...
         Starting Create Volatile Files and Directories...
         Starting Set console font and keymap...
         Starting LSB: AppArmor initialization...
[[0;32m  OK  [0m] Started Dispatch Password Requests to Console Directory Watch.
[[0;32m  OK  [0m] Started Commit a transient machine-id on disk.
[[0;32m  OK  [0m] Found device /dev/ttyS0.
[[0;32m  OK  [0m] Started Tell Plymouth To Write Out Runtime Data.
[[0;32m  OK  [0m] Started Create Volatile Files and Directories.
         Starting Update UTMP about System Boot/Shutdown...
[[0;32m  OK  [0m] Reached target System Time Synchronized.
[[0;32m  OK  [0m] Started Update UTMP about System Boot/Shutdown.
[[0;32m  OK  [0m] Listening on Load/Save RF Kill Switch Status /dev/rfkill Watch.
[[0;32m  OK  [0m] Started LSB: AppArmor initialization.
[[0;32m  OK  [0m] Started Set console font and keymap.
[[0;32m  OK  [0m] Created slice system-getty.slice.
[   28.308639] cloud-init[442]: Cloud-init v. 0.7.9 running 'init-local' at Tue, 25 Jul 2017 09:24:04 +0000. Up 27.88 seconds.
[[0;32m  OK  [0m] Started Initial cloud-init job (pre-networking).
[[0;32m  OK  [0m] Reached target Network (Pre).
         Starting Raise network interfaces...
[[0;32m  OK  [0m] Started Raise network interfaces.
         Starting Initial cloud-init job (metadata service crawler)...
[[0;32m  OK  [0m] Reached target Network.
[   30.908303] cloud-init[932]: Cloud-init v. 0.7.9 running 'init' at Tue, 25 Jul 2017 09:24:05 +0000. Up 29.05 seconds.
[   30.957992] cloud-init[932]: ci-info: +++++++++++++++++++++++++++++++++++++Net device info++++++++++++++++++++++++++++++++++++++
[[0;32m  OK  [0m] Started Initial cloud-init job (metadata service crawler).
[   30.958506] cloud-init[932]: ci-info: +--------+------+----------------------------+---------------+-------+-------------------+
[   31.024352] cloud-init[932]: ci-info: | Device |  Up  |          Address           |      Mask     | Scope |     Hw-Address    |
[   31.024634] cloud-init[932]: ci-info: +--------+------+----------------------------+---------------+-------+-------------------+
[[0;32m  OK  [0m] Reached target System Initialization.
[   31.024760] cloud-init[932]: ci-info: | enp0s3 | True |         10.0.2.15          | 255.255.255.0 |   .   | 02:fb:34:e1:96:ef |
[   31.119720] cloud-init[932]: ci-info: | enp0s3 | True | fe80::fb:34ff:fee1:96ef/64 |       .       |  link | 02:fb:34:e1:96:ef |
[   31.121314] cloud-init[932]: ci-info: |   lo   | True |         127.0.0.1          |   255.0.0.0   |   .   |         .         |
[   31.124018] cloud-init[932]: ci-info: |   lo   | True |          ::1/128           |       .       |  host |         .         |
[   31.126774] cloud-init[932]: ci-info: +--------+------+----------------------------+---------------+-------+-------------------+
[   31.181603] cloud-init[932]: ci-info: +++++++++++++++++++++++++++Route IPv4 info++++++++++++++++++++++++++++
[[0;32m  OK  [0m] Started ACPI Events Check.
[   31.182001] cloud-init[932]: ci-info: +-------+-------------+----------+---------------+-----------+-------+
[   31.184326] cloud-init[932]: ci-info: | Route | Destination | Gateway  |    Genmask    | Interface | Flags |
[[0;32m  OK  [0m] Reached target Paths.
[   31.184384] cloud-init[932]: ci-info: +-------+-------------+----------+---------------+-----------+-------+
[   31.260171] cloud-init[932]: ci-info: |   0   |   0.0.0.0   | 10.0.2.2 |    0.0.0.0    |   enp0s3  |   UG  |
[   31.260371] cloud-init[932]: ci-info: |   1   |   10.0.2.0  | 0.0.0.0  | 255.255.255.0 |   enp0s3  |   U   |
[[0;32m  OK  [0m] Started Timer to automatically refresh installed snaps.
[   31.260509] cloud-init[932]: ci-info: +-------+-------------+----------+---------------+-----------+-------+
[   31.282941] cloud-init[932]: Generating public/private rsa key pair.
[   31.283180] cloud-init[932]: Your identification has been saved in /etc/ssh/ssh_host_rsa_key.
[[0;32m  OK  [0m] Started Daily apt activities.
         [   31.283291] Starting Socket activation for snappy daemon.cloud-init
[932]: Your public key has been saved in /etc/ssh/ssh_host_rsa_key.pub.
[   31.332719] cloud-init[932]: The key fingerprint is:
[   31.348316] cloud-init[932]: SHA256:GJAB4uF+Tn6zn4PUJ6ePih88j1hsG/TVieDGbywv+BI root@ubuntu-xenial
[   31.352898] cloud-init[932]: The key's randomart image is:
[   31.353847] cloud-init[932]: +---[RSA 2048]----+
[   31.372322] cloud-init[932]: |....oo           |
[   31.412237] cloud-init[932]: |o.. ..           |
[   31.412439] cloud-init[932]: | o    ..         |
         Starting LXD - unix socket.
[   31.412528] cloud-init[932]: |.     oo. o .    |
[   31.432671] cloud-init[932]: | . o .o+So o     |
[   31.432748] cloud-init[932]: |  = +Eoo+o       |
[[0;32m  OK  [0m] Started Daily Cleanup of Temporary Directories.
[[   31.432866] cloud-init[932]: |   o.@+o=+       |
[0;32m  OK  [0m] Reached target Timers.
[   31.498839] cloud-init[932]: |    *+X+*        |
[   31.527472] cloud-init[932]: |   o.*=*+o       |
[[0;32m  OK  [0m] Listening on UUID daemon activation socket.
[   31.527581] cloud-init[932]: +----[SHA256]-----+
[   31.532662] cloud-init[932]: Generating public/private dsa key pair.
[   31.532765] cloud-init[932]: Your identification has been saved in /etc/ssh/ssh_host_dsa_key.
[[0;32m  OK  [0m] Listening on D-Bus System Message Bus Socket.
[   31.532889] cloud-init[932]: Your public key has been saved in /etc/ssh/ssh_host_dsa_key.pub.
[   31.537760] cloud-init[932]: The key fingerprint is:
[   31.537873] cloud-init[932]: SHA256:xcZ6BFW/HffG6SznZAGjE/SrhNRswobA4LR0gVDkqZ8 root@ubuntu-xenial
[   31.538010] cloud-init[932]: The key's randomart image is:
[   31.538136] cloud-init[932]: +---[DSA 1024]----+
[   31.538330] cloud-init[932]: | .+*++. ...o.    |
[   31.538463] cloud-init[932]: |  =.+.. o++ ..   |
[   31.538597] cloud-init[932]: |   =   . =*= +...|
[   31.538731] cloud-init[932]: |  .     o=+ o ++=|
[   31.538865] cloud-init[932]: | .      S..+ ..o=|
[   31.538999] cloud-init[932]: |  . .    .. o o..|
[   31.539144] cloud-init[932]: |   E       . . * |
[[0;32m  OK  [0m] Listening on ACPID Listen Socket.
[[0;32m  OK  [0m[   31.539280] ] cloud-initReached target Cloud-config availability.[932]: 
|              *  |
[   31.606490] cloud-init[932]: |               . |
[   31.606833] cloud-init[932]: +----[SHA256]-----+
[[0;32m  OK  [0m] Reached target Network is Online.
[   31.606992] cloud-init[932]: Generating public/private ecdsa key pair.
[   31.621419] cloud-init[932]: Your identification has been saved in /etc/ssh/ssh_host_ecdsa_key.
[   31.634376] cloud-init[932]: Your public key has been saved in /etc/ssh/ssh_host_ecdsa_key.pub.
[   31.652354] cloud-init[932]: The key fingerprint is:
[   31.659690] cloud-init[932]: SHA256:zAkTxOjDkYmZfEPR8rJi0T5xBQ54cJ2tetjXr3p6FlI root@ubuntu-xenial
[   31.662711] cloud-init[932]: The key's randomart image is:
         Starting iSCSI initiator daemon (iscsid)...
[[0;32m  OK  [0m] Listening on Socket activation for snappy daemon.
[[0;32m  OK  [0m] Listening on LXD - unix socket.
[   31.667667] cloud-init[932]: +---[ECDSA 256]---+
[   31.704251] cloud-init[932]: | ..B=X++         |
[   31.724433] [cloud-init[0;32m  OK  [0m[932]: ] |  *.Xo=.o        |Reached target Sockets.

[[0;32m  OK  [0m] Reached target Basic System.
[   31.725038] cloud-init[932]: |   * =+o         |
[   31.735895] cloud-init[932]: |  . B += .E      |
[   31.740754] cloud-init[932]: |   o X  So       |
[   31.756410]          cloud-initStarting LXD - container startup/shutdown...[932]: 
|  o * o o o      |
[   31.792311]          cloud-initStarting LSB: Record successful boot for GRUB...[932]: 
| . . o . . o     |
[   31.805932] cloud-init[932]: |          + .    |
[   31.807377] cloud-init[932]: |        o*..     |
[   31.816494] cloud-init[932]: +----[SHA256]-----+
[   31.838496] cloud-init[932]: Generating public/private ed25519 key pair.
[   31.856403] [cloud-init[0;32m  OK  [0m[932]: ] Your identification has been saved in /etc/ssh/ssh_host_ed25519_key.Started ACPI event daemon.

[   31.856796] cloud-init[932]: Your public key has been saved in /etc/ssh/ssh_host_ed25519_key.pub.
[   31.872549] cloud-init[932]: The key fingerprint is:
[   31.881744] cloud-init[932]: SHA256:S9h3LCsAg8GcmmgVKrW1y0hW+MuGYJ780enAFjCwU/I root@ubuntu-xenial
[   31.883975] cloud-init[932]: The key's randomart image is:
[   31.885617] cloud-init[932]: +--[ED25519 256]--+
[   31.887142] cloud-init[932]: |+o+++            |
[   31.888545] cloud-init[932]: | O*B .           |
[   31.889918] cloud-init[932]: |=+E.+            |
[   31.903344] [cloud-init[0;32m  OK  [0m[932]: ] |** +.+ o   .     |Started Regular background program processing daemon.

[   31.903788] cloud-init[932]: |=.+o=.+ S o o    |
[   31.916789]          cloud-initStarting LSB: MD monitoring daemon...[932]: 
| +.=+o o o +     |
[   31.928388] cloud-init[932]: |  o.+   o .      |
[   31.941669] [cloud-init[0;32m  OK  [0m[932]: ] |   . .   .       |Started Snappy daemon.

[   31.942430] cloud-init[932]: |                 |
[   31.957980] cloud-init[932]: +----[SHA256]-----+
         Starting Auto import assertions from block devices...
[[0;32m  OK  [0m] Started Unattended Upgrades Shutdown.
         Starting Apply the settings specified in cloud-config...
         Starting System Logging Service...
[[0;32m  OK  [0m] Started D-Bus System Message Bus.
[   33.402120] cloud-init[1056]: Generating locales (this might take a while)...
         Starting /etc/rc.local Compatibility...
[[0;32m  OK  [0m] Started FUSE filesystem for LXC.
[[0;32m  OK  [0m] Started Deferred execution scheduler.
         Starting Login Service...
         Starting Pollinate to seed the pseudo random number generator...
         Starting Accounts Service...
[[0;32m  OK  [0m] Started System Logging Service.
[[0;32m  OK  [0m] Started iSCSI initiator daemon (iscsid).
[[0;32m  OK  [0m] Started Auto import assertions from block devices.
[[0;32m  OK  [0m] Started /etc/rc.local Compatibility.
         Starting Login to default iSCSI targets...
[[0;32m  OK  [0m] Started Login Service.
[[0;32m  OK  [0m] Started LSB: Record successful boot for GRUB.
[[0;32m  OK  [0m] Started LSB: MD monitoring daemon.
[[0;32m  OK  [0m] Started Login to default iSCSI targets.
[[0;32m  OK  [0m] Reached target Remote File Systems (Pre).
[[0;32m  OK  [0m] Reached target Remote File Systems.
         Starting Permit User Sessions...
         Starting LSB: VirtualBox Linux Additions...
         Starting LSB: Set the CPU Frequency Scaling governor to "ondemand"...
         Starting LSB: daemon to balance interrupts for SMP systems...
         Starting LSB: automatic crash report generation...
[[0;32m  OK  [0m] Started LSB: Set the CPU Frequency Scaling governor to "ondemand".
[[0;32m  OK  [0m] Started Permit User Sessions.
         Starting Terminate Plymouth Boot Screen...
         Starting Hold until boot process finishes up...
[[0;32m  OK  [0m] Started Terminate Plymouth Boot Screen.
[[0;32m  OK  [0m] Started Hold until boot process finishes up.
         Starting Set console scheme...
[[0;32m  OK  [0m] Started Getty on tty1.
[[0;32m  OK  [0m] Started Serial Getty on ttyS0.
[[0;32m  OK  [0m] Reached target Login Prompts.
[[0;32m  OK  [0m] Started Set console scheme.
[[0;32m  OK  [0m] Started LSB: daemon to balance interrupts for SMP systems.
[[0;32m  OK  [0m] Started LSB: automatic crash report generation.
[[0;32m  OK  [0m] Started LSB: VirtualBox Linux Additions.
[   37.364910] cloud-init[1056]:   en_US.UTF-8... done
[   37.384889] cloud-init[1056]: Generation complete.
         Starting Authenticate and Authorize Users to Run Privileged Tasks...
[[0;32m  OK  [0m] Started Authenticate and Authorize Users to Run Privileged Tasks.
[[0;32m  OK  [0m] Started LXD - container startup/shutdown.
[[0;32m  OK  [0m] Started Accounts Service.
[[0;32m  OK  [0m] Stopped OpenBSD Secure Shell server.
         Starting OpenBSD Secure Shell server...
[[0;32m  OK  [0m] Started OpenBSD Secure Shell server.
[[0;32m  OK  [0m] Created slice User Slice of ubuntu.
         Starting User Manager for UID 1000...
[[0;32m  OK  [0m] Started Session 1 of user ubuntu.
[[0;32m  OK  [0m] Started User Manager for UID 1000.
[[0;32m  OK  [0m] Started Pollinate to seed the pseudo random number generator.
[[0;32m  OK  [0m] Reached target Multi-User System.
[[0;32m  OK  [0m] Reached target Graphical Interface.
         Starting Update UTMP about System Runlevel Changes...
[[0;32m  OK  [0m] Started Update UTMP about System Runlevel Changes.
[   40.405900] cloud-init[1056]: Cloud-init v. 0.7.9 running 'modules:config' at Tue, 25 Jul 2017 09:24:09 +0000. Up 32.28 seconds.
[[0;32m  OK  [0m] Started Apply the settings specified in cloud-config.
         Starting Execute cloud user/final scripts...
ci-info: no authorized ssh keys fingerprints found for user ubuntu.
<14>Jul 25 09:24:18 ec2: 
<14>Jul 25 09:24:18 ec2: #############################################################
<14>Jul 25 09:24:18 ec2: -----BEGIN SSH HOST KEY FINGERPRINTS-----
<14>Jul 25 09:24:18 ec2: 1024 SHA256:xcZ6BFW/HffG6SznZAGjE/SrhNRswobA4LR0gVDkqZ8 root@ubuntu-xenial (DSA)
<14>Jul 25 09:24:18 ec2: 256 SHA256:zAkTxOjDkYmZfEPR8rJi0T5xBQ54cJ2tetjXr3p6FlI root@ubuntu-xenial (ECDSA)
<14>Jul 25 09:24:18 ec2: 256 SHA256:S9h3LCsAg8GcmmgVKrW1y0hW+MuGYJ780enAFjCwU/I root@ubuntu-xenial (ED25519)
<14>Jul 25 09:24:18 ec2: 2048 SHA256:GJAB4uF+Tn6zn4PUJ6ePih88j1hsG/TVieDGbywv+BI root@ubuntu-xenial (RSA)
<14>Jul 25 09:24:18 ec2: -----END SSH HOST KEY FINGERPRINTS-----
<14>Jul 25 09:24:18 ec2: #############################################################
-----BEGIN SSH HOST KEY KEYS-----
ecdsa-sha2-nistp256 AAAAE2VjZHNhLXNoYTItbmlzdHAyNTYAAAAIbmlzdHAyNTYAAABBBM629MiCxgQf0MKv7nBv8bG4Mu1bcdTZSD/RjFyzSa8U0Z2vtdEAW26aPQQC3YOJaO/rquon5FMnfxTqzPhmhCQ= root@ubuntu-xenial
ssh-ed25519 AAAAC3NzaC1lZDI1NTE5AAAAIN+gzl8X1fzcei/AOWD+dHFBomjR8FZjTVD33X/uhlWm root@ubuntu-xenial
ssh-rsa AAAAB3NzaC1yc2EAAAADAQABAAABAQCzRaeQUKtdXwcn0Wnbs7dfKcMyHrDN+fXmf88Mtiyfbhw8h/elYfqrOhPxcyenxFhxCipkl1pfp1b87zBZHCgmyxKfeMdMzkuH7Vdptd1sTLnIl5GbBoByELDBkCfzlZif+4aGA6/D0qUIe29papxXbQetYZhGcs3Cam3VP94so0hGXqXu2Q1mYeZ60TtSbNYKoFswKR6T0iX+T/sfhAPr9tXga46dcpIixN9jeU3RdBFicdviqN9Ru6mydJu8A21XYXsvHL5rc2qKPcomlzqKfr5TtkLJPpopMklsw05Aay+OmAeFjxNuhaQdcrz79RhR+zXcJU3Su801vvLDmNCF root@ubuntu-xenial
-----END SSH HOST KEY KEYS-----
[   41.186493] cloud-init[1383]: Cloud-init v. 0.7.9 running 'modules:final' at Tue, 25 Jul 2017 09:24:17 +0000. Up 40.77 seconds.
[   41.186665] cloud-init[1383]: ci-info: no authorized ssh keys fingerprints found for user ubuntu.
[   41.186755] cloud-init[1383]: Cloud-init v. 0.7.9 finished at Tue, 25 Jul 2017 09:24:18 +0000. Datasource DataSourceNoCloud [seed=/dev/sdb][dsmode=net].  Up 41.18 seconds

Ubuntu 16.04.2 LTS ubuntu-xenial ttyS0

ubuntu-xenial login: 